CRITICAL - 2022-06-18 06:58:28 --> syntax error, unexpected '}', expecting end of file
#0 E:\xampp\htdocs\restfulapi\system\View\View.php(213): CodeIgniter\View\View->CodeIgniter\View\{closure}()
#1 E:\xampp\htdocs\restfulapi\system\Common.php(1089): CodeIgniter\View\View->render('agen/v_dashboar...', Array, true)
#2 E:\xampp\htdocs\restfulapi\app\Controllers\Agen.php(12): view('agen/v_dashboar...')
#3 E:\xampp\htdocs\restfulapi\system\CodeIgniter.php(832): App\Controllers\Agen->index()
#4 E:\xampp\htdocs\restfulapi\system\CodeIgniter.php(419): CodeIgniter\CodeIgniter->runController(Object(App\Controllers\Agen))
#5 E:\xampp\htdocs\restfulapi\system\CodeIgniter.php(326): CodeIgniter\CodeIgniter->handleRequest(NULL, Object(Config\Cache), false)
#6 E:\xampp\htdocs\restfulapi\public\index.php(37): CodeIgniter\CodeIgniter->run()
#7 {main}
CRITICAL - 2022-06-18 07:18:09 --> Undefined variable: dataArray
#0 E:\xampp\htdocs\restfulapi\app\Views\agen\v_dashboard.php(25): CodeIgniter\Debug\Exceptions->errorHandler(8, 'Undefined varia...', 'E:\\xampp\\htdocs...', 25, Array)
#1 E:\xampp\htdocs\restfulapi\system\View\View.php(210): include('E:\\xampp\\htdocs...')
#2 E:\xampp\htdocs\restfulapi\system\View\View.php(213): CodeIgniter\View\View->CodeIgniter\View\{closure}()
#3 E:\xampp\htdocs\restfulapi\system\Common.php(1089): CodeIgniter\View\View->render('agen/v_dashboar...', Array, true)
#4 E:\xampp\htdocs\restfulapi\app\Controllers\Agen.php(29): view('agen/v_dashboar...', Array)
#5 E:\xampp\htdocs\restfulapi\system\CodeIgniter.php(832): App\Controllers\Agen->index()
#6 E:\xampp\htdocs\restfulapi\system\CodeIgniter.php(419): CodeIgniter\CodeIgniter->runController(Object(App\Controllers\Agen))
#7 E:\xampp\htdocs\restfulapi\system\CodeIgniter.php(326): CodeIgniter\CodeIgniter->handleRequest(NULL, Object(Config\Cache), false)
#8 E:\xampp\htdocs\restfulapi\public\index.php(37): CodeIgniter\CodeIgniter->run()
#9 {main}
CRITICAL - 2022-06-18 07:32:21 --> Maximum execution time of 120 seconds exceeded
#0 [internal function]: CodeIgniter\Debug\Exceptions->shutdownHandler()
#1 {main}
CRITICAL - 2022-06-18 07:32:45 --> Undefined variable: activeMenu
#0 E:\xampp\htdocs\restfulapi\app\Views\agen\v_sidebar.php(21): CodeIgniter\Debug\Exceptions->errorHandler(8, 'Undefined varia...', 'E:\\xampp\\htdocs...', 21, Array)
#1 E:\xampp\htdocs\restfulapi\system\View\View.php(210): include('E:\\xampp\\htdocs...')
#2 E:\xampp\htdocs\restfulapi\system\View\View.php(213): CodeIgniter\View\View->CodeIgniter\View\{closure}()
#3 E:\xampp\htdocs\restfulapi\system\Common.php(1089): CodeIgniter\View\View->render('agen/v_sidebar', Array, true)
#4 E:\xampp\htdocs\restfulapi\app\Controllers\Agen.php(28): view('agen/v_sidebar')
#5 E:\xampp\htdocs\restfulapi\system\CodeIgniter.php(832): App\Controllers\Agen->index()
#6 E:\xampp\htdocs\restfulapi\system\CodeIgniter.php(419): CodeIgniter\CodeIgniter->runController(Object(App\Controllers\Agen))
#7 E:\xampp\htdocs\restfulapi\system\CodeIgniter.php(326): CodeIgniter\CodeIgniter->handleRequest(NULL, Object(Config\Cache), false)
#8 E:\xampp\htdocs\restfulapi\public\index.php(37): CodeIgniter\CodeIgniter->run()
#9 {main}
CRITICAL - 2022-06-18 07:36:11 --> Undefined variable: activeMenu
#0 E:\xampp\htdocs\restfulapi\app\Views\agen\v_sidebar.php(21): CodeIgniter\Debug\Exceptions->errorHandler(8, 'Undefined varia...', 'E:\\xampp\\htdocs...', 21, Array)
#1 E:\xampp\htdocs\restfulapi\system\View\View.php(210): include('E:\\xampp\\htdocs...')
#2 E:\xampp\htdocs\restfulapi\system\View\View.php(213): CodeIgniter\View\View->CodeIgniter\View\{closure}()
#3 E:\xampp\htdocs\restfulapi\system\Common.php(1089): CodeIgniter\View\View->render('agen/v_sidebar', Array, true)
#4 E:\xampp\htdocs\restfulapi\app\Controllers\Agen.php(28): view('agen/v_sidebar')
#5 E:\xampp\htdocs\restfulapi\system\CodeIgniter.php(832): App\Controllers\Agen->index()
#6 E:\xampp\htdocs\restfulapi\system\CodeIgniter.php(419): CodeIgniter\CodeIgniter->runController(Object(App\Controllers\Agen))
#7 E:\xampp\htdocs\restfulapi\system\CodeIgniter.php(326): CodeIgniter\CodeIgniter->handleRequest(NULL, Object(Config\Cache), false)
#8 E:\xampp\htdocs\restfulapi\public\index.php(37): CodeIgniter\CodeIgniter->run()
#9 {main}
CRITICAL - 2022-06-18 07:37:22 --> Undefined variable: produk
#0 E:\xampp\htdocs\restfulapi\app\Views\agen\v_dashboard.php(25): CodeIgniter\Debug\Exceptions->errorHandler(8, 'Undefined varia...', 'E:\\xampp\\htdocs...', 25, Array)
#1 E:\xampp\htdocs\restfulapi\system\View\View.php(210): include('E:\\xampp\\htdocs...')
#2 E:\xampp\htdocs\restfulapi\system\View\View.php(213): CodeIgniter\View\View->CodeIgniter\View\{closure}()
#3 E:\xampp\htdocs\restfulapi\system\Common.php(1089): CodeIgniter\View\View->render('agen/v_dashboar...', Array, true)
#4 E:\xampp\htdocs\restfulapi\app\Controllers\Agen.php(30): view('agen/v_dashboar...', Array, Array)
#5 E:\xampp\htdocs\restfulapi\system\CodeIgniter.php(832): App\Controllers\Agen->index()
#6 E:\xampp\htdocs\restfulapi\system\CodeIgniter.php(419): CodeIgniter\CodeIgniter->runController(Object(App\Controllers\Agen))
#7 E:\xampp\htdocs\restfulapi\system\CodeIgniter.php(326): CodeIgniter\CodeIgniter->handleRequest(NULL, Object(Config\Cache), false)
#8 E:\xampp\htdocs\restfulapi\public\index.php(37): CodeIgniter\CodeIgniter->run()
#9 {main}
