CRITICAL - 2022-06-03 02:59:12 --> include(./include/admin/menu.php): failed to open stream: No such file or directory
#0 E:\xampp\htdocs\restfulapi\app\Views\partial\top_menu.php(1): CodeIgniter\Debug\Exceptions->errorHandler(2, 'include(./inclu...', 'E:\\xampp\\htdocs...', 1, Array)
#1 E:\xampp\htdocs\restfulapi\app\Views\partial\top_menu.php(1): include()
#2 E:\xampp\htdocs\restfulapi\system\View\View.php(210): include('E:\\xampp\\htdocs...')
#3 E:\xampp\htdocs\restfulapi\system\View\View.php(213): CodeIgniter\View\View->CodeIgniter\View\{closure}()
#4 E:\xampp\htdocs\restfulapi\system\Common.php(1089): CodeIgniter\View\View->render('partial/top_men...', Array, true)
#5 E:\xampp\htdocs\restfulapi\app\Controllers\Dashboard.php(9): view('partial/top_men...')
#6 E:\xampp\htdocs\restfulapi\system\CodeIgniter.php(832): App\Controllers\Dashboard->index()
#7 E:\xampp\htdocs\restfulapi\system\CodeIgniter.php(419): CodeIgniter\CodeIgniter->runController(Object(App\Controllers\Dashboard))
#8 E:\xampp\htdocs\restfulapi\system\CodeIgniter.php(326): CodeIgniter\CodeIgniter->handleRequest(NULL, Object(Config\Cache), false)
#9 E:\xampp\htdocs\restfulapi\public\index.php(37): CodeIgniter\CodeIgniter->run()
#10 {main}
CRITICAL - 2022-06-03 02:59:53 --> Invalid file: dashboard.php
#0 E:\xampp\htdocs\restfulapi\system\View\View.php(198): CodeIgniter\Exceptions\FrameworkException::forInvalidFile('dashboard.php')
#1 E:\xampp\htdocs\restfulapi\system\Common.php(1089): CodeIgniter\View\View->render('dashboard', Array, true)
#2 E:\xampp\htdocs\restfulapi\app\Controllers\Dashboard.php(11): view('dashboard')
#3 E:\xampp\htdocs\restfulapi\system\CodeIgniter.php(832): App\Controllers\Dashboard->index()
#4 E:\xampp\htdocs\restfulapi\system\CodeIgniter.php(419): CodeIgniter\CodeIgniter->runController(Object(App\Controllers\Dashboard))
#5 E:\xampp\htdocs\restfulapi\system\CodeIgniter.php(326): CodeIgniter\CodeIgniter->handleRequest(NULL, Object(Config\Cache), false)
#6 E:\xampp\htdocs\restfulapi\public\index.php(37): CodeIgniter\CodeIgniter->run()
#7 {main}
CRITICAL - 2022-06-03 09:03:59 --> Class 'CI_Controller' not found
#0 E:\xampp\htdocs\restfulapi\system\Router\Router.php(518): include_once()
#1 E:\xampp\htdocs\restfulapi\system\Router\Router.php(175): CodeIgniter\Router\Router->autoRoute('administrator/a...')
#2 E:\xampp\htdocs\restfulapi\system\CodeIgniter.php(726): CodeIgniter\Router\Router->handle('administrator/a...')
#3 E:\xampp\htdocs\restfulapi\system\CodeIgniter.php(368): CodeIgniter\CodeIgniter->tryToRouteIt(Object(CodeIgniter\Router\RouteCollection))
#4 E:\xampp\htdocs\restfulapi\system\CodeIgniter.php(326): CodeIgniter\CodeIgniter->handleRequest(NULL, Object(Config\Cache), false)
#5 E:\xampp\htdocs\restfulapi\public\index.php(37): CodeIgniter\CodeIgniter->run()
#6 {main}
CRITICAL - 2022-06-03 09:04:21 --> Class 'CI_Controller' not found
#0 E:\xampp\htdocs\restfulapi\system\Router\Router.php(518): include_once()
#1 E:\xampp\htdocs\restfulapi\system\Router\Router.php(175): CodeIgniter\Router\Router->autoRoute('administrator/a...')
#2 E:\xampp\htdocs\restfulapi\system\CodeIgniter.php(726): CodeIgniter\Router\Router->handle('administrator/a...')
#3 E:\xampp\htdocs\restfulapi\system\CodeIgniter.php(368): CodeIgniter\CodeIgniter->tryToRouteIt(Object(CodeIgniter\Router\RouteCollection))
#4 E:\xampp\htdocs\restfulapi\system\CodeIgniter.php(326): CodeIgniter\CodeIgniter->handleRequest(NULL, Object(Config\Cache), false)
#5 E:\xampp\htdocs\restfulapi\public\index.php(37): CodeIgniter\CodeIgniter->run()
#6 {main}
CRITICAL - 2022-06-03 22:23:12 --> Class 'App\Controllers\Administrator\Controller' not found
#0 E:\xampp\htdocs\restfulapi\system\Router\Router.php(518): include_once()
#1 E:\xampp\htdocs\restfulapi\system\Router\Router.php(175): CodeIgniter\Router\Router->autoRoute('administrator/l...')
#2 E:\xampp\htdocs\restfulapi\system\CodeIgniter.php(726): CodeIgniter\Router\Router->handle('administrator/l...')
#3 E:\xampp\htdocs\restfulapi\system\CodeIgniter.php(368): CodeIgniter\CodeIgniter->tryToRouteIt(Object(CodeIgniter\Router\RouteCollection))
#4 E:\xampp\htdocs\restfulapi\system\CodeIgniter.php(326): CodeIgniter\CodeIgniter->handleRequest(NULL, Object(Config\Cache), false)
#5 E:\xampp\htdocs\restfulapi\public\index.php(37): CodeIgniter\CodeIgniter->run()
#6 {main}
CRITICAL - 2022-06-03 22:29:28 --> masukS filter must have a matching alias defined.
#0 E:\xampp\htdocs\restfulapi\system\Filters\Filters.php(340): CodeIgniter\Filters\Exceptions\FilterException::forNoAlias('masukS')
#1 E:\xampp\htdocs\restfulapi\system\CodeIgniter.php(384): CodeIgniter\Filters\Filters->enableFilter('masukS', 'before')
#2 E:\xampp\htdocs\restfulapi\system\CodeIgniter.php(326): CodeIgniter\CodeIgniter->handleRequest(NULL, Object(Config\Cache), false)
#3 E:\xampp\htdocs\restfulapi\public\index.php(37): CodeIgniter\CodeIgniter->run()
#4 {main}
