CRITICAL - 2022-06-04 02:05:31 --> Undefined index: member_id
#0 E:\xampp\htdocs\restfulapi\app\Controllers\Login.php(29): CodeIgniter\Debug\Exceptions->errorHandler(8, 'Undefined index...', 'E:\\xampp\\htdocs...', 29, Array)
#1 E:\xampp\htdocs\restfulapi\system\CodeIgniter.php(832): App\Controllers\Login->index()
#2 E:\xampp\htdocs\restfulapi\system\CodeIgniter.php(419): CodeIgniter\CodeIgniter->runController(Object(App\Controllers\Login))
#3 E:\xampp\htdocs\restfulapi\system\CodeIgniter.php(326): CodeIgniter\CodeIgniter->handleRequest(NULL, Object(Config\Cache), false)
#4 E:\xampp\htdocs\restfulapi\public\index.php(37): CodeIgniter\CodeIgniter->run()
#5 {main}
CRITICAL - 2022-06-04 02:50:17 --> Trying to access array offset on value of type null
#0 E:\xampp\htdocs\restfulapi\app\Controllers\Login.php(22): CodeIgniter\Debug\Exceptions->errorHandler(8, 'Trying to acces...', 'E:\\xampp\\htdocs...', 22, Array)
#1 E:\xampp\htdocs\restfulapi\system\CodeIgniter.php(832): App\Controllers\Login->index()
#2 E:\xampp\htdocs\restfulapi\system\CodeIgniter.php(419): CodeIgniter\CodeIgniter->runController(Object(App\Controllers\Login))
#3 E:\xampp\htdocs\restfulapi\system\CodeIgniter.php(326): CodeIgniter\CodeIgniter->handleRequest(NULL, Object(Config\Cache), false)
#4 E:\xampp\htdocs\restfulapi\public\index.php(37): CodeIgniter\CodeIgniter->run()
#5 {main}
CRITICAL - 2022-06-04 02:57:24 --> Trying to access array offset on value of type null
#0 E:\xampp\htdocs\restfulapi\app\Controllers\Login.php(22): CodeIgniter\Debug\Exceptions->errorHandler(8, 'Trying to acces...', 'E:\\xampp\\htdocs...', 22, Array)
#1 E:\xampp\htdocs\restfulapi\system\CodeIgniter.php(832): App\Controllers\Login->index()
#2 E:\xampp\htdocs\restfulapi\system\CodeIgniter.php(419): CodeIgniter\CodeIgniter->runController(Object(App\Controllers\Login))
#3 E:\xampp\htdocs\restfulapi\system\CodeIgniter.php(326): CodeIgniter\CodeIgniter->handleRequest(NULL, Object(Config\Cache), false)
#4 E:\xampp\htdocs\restfulapi\public\index.php(37): CodeIgniter\CodeIgniter->run()
#5 {main}
CRITICAL - 2022-06-04 03:01:01 --> Trying to access array offset on value of type null
#0 E:\xampp\htdocs\restfulapi\app\Controllers\Login.php(22): CodeIgniter\Debug\Exceptions->errorHandler(8, 'Trying to acces...', 'E:\\xampp\\htdocs...', 22, Array)
#1 E:\xampp\htdocs\restfulapi\system\CodeIgniter.php(832): App\Controllers\Login->index()
#2 E:\xampp\htdocs\restfulapi\system\CodeIgniter.php(419): CodeIgniter\CodeIgniter->runController(Object(App\Controllers\Login))
#3 E:\xampp\htdocs\restfulapi\system\CodeIgniter.php(326): CodeIgniter\CodeIgniter->handleRequest(NULL, Object(Config\Cache), false)
#4 E:\xampp\htdocs\restfulapi\public\index.php(37): CodeIgniter\CodeIgniter->run()
#5 {main}
CRITICAL - 2022-06-04 03:01:15 --> Trying to access array offset on value of type null
#0 E:\xampp\htdocs\restfulapi\app\Controllers\Login.php(22): CodeIgniter\Debug\Exceptions->errorHandler(8, 'Trying to acces...', 'E:\\xampp\\htdocs...', 22, Array)
#1 E:\xampp\htdocs\restfulapi\system\CodeIgniter.php(832): App\Controllers\Login->index()
#2 E:\xampp\htdocs\restfulapi\system\CodeIgniter.php(419): CodeIgniter\CodeIgniter->runController(Object(App\Controllers\Login))
#3 E:\xampp\htdocs\restfulapi\system\CodeIgniter.php(326): CodeIgniter\CodeIgniter->handleRequest(NULL, Object(Config\Cache), false)
#4 E:\xampp\htdocs\restfulapi\public\index.php(37): CodeIgniter\CodeIgniter->run()
#5 {main}
CRITICAL - 2022-06-04 03:01:28 --> Trying to access array offset on value of type null
#0 E:\xampp\htdocs\restfulapi\app\Controllers\Login.php(22): CodeIgniter\Debug\Exceptions->errorHandler(8, 'Trying to acces...', 'E:\\xampp\\htdocs...', 22, Array)
#1 E:\xampp\htdocs\restfulapi\system\CodeIgniter.php(832): App\Controllers\Login->index()
#2 E:\xampp\htdocs\restfulapi\system\CodeIgniter.php(419): CodeIgniter\CodeIgniter->runController(Object(App\Controllers\Login))
#3 E:\xampp\htdocs\restfulapi\system\CodeIgniter.php(326): CodeIgniter\CodeIgniter->handleRequest(NULL, Object(Config\Cache), false)
#4 E:\xampp\htdocs\restfulapi\public\index.php(37): CodeIgniter\CodeIgniter->run()
#5 {main}
CRITICAL - 2022-06-04 03:01:40 --> Trying to access array offset on value of type null
#0 E:\xampp\htdocs\restfulapi\app\Controllers\Login.php(22): CodeIgniter\Debug\Exceptions->errorHandler(8, 'Trying to acces...', 'E:\\xampp\\htdocs...', 22, Array)
#1 E:\xampp\htdocs\restfulapi\system\CodeIgniter.php(832): App\Controllers\Login->index()
#2 E:\xampp\htdocs\restfulapi\system\CodeIgniter.php(419): CodeIgniter\CodeIgniter->runController(Object(App\Controllers\Login))
#3 E:\xampp\htdocs\restfulapi\system\CodeIgniter.php(326): CodeIgniter\CodeIgniter->handleRequest(NULL, Object(Config\Cache), false)
#4 E:\xampp\htdocs\restfulapi\public\index.php(37): CodeIgniter\CodeIgniter->run()
#5 {main}
CRITICAL - 2022-06-04 03:02:02 --> Trying to access array offset on value of type null
#0 E:\xampp\htdocs\restfulapi\app\Controllers\Login.php(22): CodeIgniter\Debug\Exceptions->errorHandler(8, 'Trying to acces...', 'E:\\xampp\\htdocs...', 22, Array)
#1 E:\xampp\htdocs\restfulapi\system\CodeIgniter.php(832): App\Controllers\Login->index()
#2 E:\xampp\htdocs\restfulapi\system\CodeIgniter.php(419): CodeIgniter\CodeIgniter->runController(Object(App\Controllers\Login))
#3 E:\xampp\htdocs\restfulapi\system\CodeIgniter.php(326): CodeIgniter\CodeIgniter->handleRequest(NULL, Object(Config\Cache), false)
#4 E:\xampp\htdocs\restfulapi\public\index.php(37): CodeIgniter\CodeIgniter->run()
#5 {main}
CRITICAL - 2022-06-04 03:03:18 --> Trying to access array offset on value of type null
#0 E:\xampp\htdocs\restfulapi\app\Controllers\Login.php(22): CodeIgniter\Debug\Exceptions->errorHandler(8, 'Trying to acces...', 'E:\\xampp\\htdocs...', 22, Array)
#1 E:\xampp\htdocs\restfulapi\system\CodeIgniter.php(832): App\Controllers\Login->index()
#2 E:\xampp\htdocs\restfulapi\system\CodeIgniter.php(419): CodeIgniter\CodeIgniter->runController(Object(App\Controllers\Login))
#3 E:\xampp\htdocs\restfulapi\system\CodeIgniter.php(326): CodeIgniter\CodeIgniter->handleRequest(NULL, Object(Config\Cache), false)
#4 E:\xampp\htdocs\restfulapi\public\index.php(37): CodeIgniter\CodeIgniter->run()
#5 {main}
CRITICAL - 2022-06-04 03:22:13 --> Illegal string offset 'unm'
#0 E:\xampp\htdocs\restfulapi\app\Controllers\Login.php(21): CodeIgniter\Debug\Exceptions->errorHandler(2, 'Illegal string ...', 'E:\\xampp\\htdocs...', 21, Array)
#1 E:\xampp\htdocs\restfulapi\system\CodeIgniter.php(832): App\Controllers\Login->index()
#2 E:\xampp\htdocs\restfulapi\system\CodeIgniter.php(419): CodeIgniter\CodeIgniter->runController(Object(App\Controllers\Login))
#3 E:\xampp\htdocs\restfulapi\system\CodeIgniter.php(326): CodeIgniter\CodeIgniter->handleRequest(NULL, Object(Config\Cache), false)
#4 E:\xampp\htdocs\restfulapi\public\index.php(37): CodeIgniter\CodeIgniter->run()
#5 {main}
CRITICAL - 2022-06-04 03:23:49 --> Trying to access array offset on value of type null
#0 E:\xampp\htdocs\restfulapi\app\Controllers\Login.php(22): CodeIgniter\Debug\Exceptions->errorHandler(8, 'Trying to acces...', 'E:\\xampp\\htdocs...', 22, Array)
#1 E:\xampp\htdocs\restfulapi\system\CodeIgniter.php(832): App\Controllers\Login->index()
#2 E:\xampp\htdocs\restfulapi\system\CodeIgniter.php(419): CodeIgniter\CodeIgniter->runController(Object(App\Controllers\Login))
#3 E:\xampp\htdocs\restfulapi\system\CodeIgniter.php(326): CodeIgniter\CodeIgniter->handleRequest(NULL, Object(Config\Cache), false)
#4 E:\xampp\htdocs\restfulapi\public\index.php(37): CodeIgniter\CodeIgniter->run()
#5 {main}
CRITICAL - 2022-06-04 03:32:28 --> Trying to access array offset on value of type null
#0 E:\xampp\htdocs\restfulapi\app\Controllers\Login.php(22): CodeIgniter\Debug\Exceptions->errorHandler(8, 'Trying to acces...', 'E:\\xampp\\htdocs...', 22, Array)
#1 E:\xampp\htdocs\restfulapi\system\CodeIgniter.php(832): App\Controllers\Login->index()
#2 E:\xampp\htdocs\restfulapi\system\CodeIgniter.php(419): CodeIgniter\CodeIgniter->runController(Object(App\Controllers\Login))
#3 E:\xampp\htdocs\restfulapi\system\CodeIgniter.php(326): CodeIgniter\CodeIgniter->handleRequest(NULL, Object(Config\Cache), false)
#4 E:\xampp\htdocs\restfulapi\public\index.php(37): CodeIgniter\CodeIgniter->run()
#5 {main}
CRITICAL - 2022-06-04 03:37:03 --> Trying to access array offset on value of type null
#0 E:\xampp\htdocs\restfulapi\app\Controllers\Login.php(22): CodeIgniter\Debug\Exceptions->errorHandler(8, 'Trying to acces...', 'E:\\xampp\\htdocs...', 22, Array)
#1 E:\xampp\htdocs\restfulapi\system\CodeIgniter.php(832): App\Controllers\Login->index()
#2 E:\xampp\htdocs\restfulapi\system\CodeIgniter.php(419): CodeIgniter\CodeIgniter->runController(Object(App\Controllers\Login))
#3 E:\xampp\htdocs\restfulapi\system\CodeIgniter.php(326): CodeIgniter\CodeIgniter->handleRequest(NULL, Object(Config\Cache), false)
#4 E:\xampp\htdocs\restfulapi\public\index.php(37): CodeIgniter\CodeIgniter->run()
#5 {main}
CRITICAL - 2022-06-04 03:52:14 --> Trying to access array offset on value of type null
#0 E:\xampp\htdocs\restfulapi\app\Controllers\Login.php(22): CodeIgniter\Debug\Exceptions->errorHandler(8, 'Trying to acces...', 'E:\\xampp\\htdocs...', 22, Array)
#1 E:\xampp\htdocs\restfulapi\system\CodeIgniter.php(832): App\Controllers\Login->index()
#2 E:\xampp\htdocs\restfulapi\system\CodeIgniter.php(419): CodeIgniter\CodeIgniter->runController(Object(App\Controllers\Login))
#3 E:\xampp\htdocs\restfulapi\system\CodeIgniter.php(326): CodeIgniter\CodeIgniter->handleRequest(NULL, Object(Config\Cache), false)
#4 E:\xampp\htdocs\restfulapi\public\index.php(37): CodeIgniter\CodeIgniter->run()
#5 {main}
CRITICAL - 2022-06-04 03:54:47 --> Trying to access array offset on value of type null
#0 E:\xampp\htdocs\restfulapi\app\Controllers\Login.php(23): CodeIgniter\Debug\Exceptions->errorHandler(8, 'Trying to acces...', 'E:\\xampp\\htdocs...', 23, Array)
#1 E:\xampp\htdocs\restfulapi\system\CodeIgniter.php(832): App\Controllers\Login->index()
#2 E:\xampp\htdocs\restfulapi\system\CodeIgniter.php(419): CodeIgniter\CodeIgniter->runController(Object(App\Controllers\Login))
#3 E:\xampp\htdocs\restfulapi\system\CodeIgniter.php(326): CodeIgniter\CodeIgniter->handleRequest(NULL, Object(Config\Cache), false)
#4 E:\xampp\htdocs\restfulapi\public\index.php(37): CodeIgniter\CodeIgniter->run()
#5 {main}
CRITICAL - 2022-06-04 04:17:16 --> Trying to access array offset on value of type null
#0 E:\xampp\htdocs\restfulapi\app\Controllers\Login.php(25): CodeIgniter\Debug\Exceptions->errorHandler(8, 'Trying to acces...', 'E:\\xampp\\htdocs...', 25, Array)
#1 E:\xampp\htdocs\restfulapi\system\CodeIgniter.php(832): App\Controllers\Login->index()
#2 E:\xampp\htdocs\restfulapi\system\CodeIgniter.php(419): CodeIgniter\CodeIgniter->runController(Object(App\Controllers\Login))
#3 E:\xampp\htdocs\restfulapi\system\CodeIgniter.php(326): CodeIgniter\CodeIgniter->handleRequest(NULL, Object(Config\Cache), false)
#4 E:\xampp\htdocs\restfulapi\public\index.php(37): CodeIgniter\CodeIgniter->run()
#5 {main}
CRITICAL - 2022-06-04 04:23:22 --> Trying to access array offset on value of type null
#0 E:\xampp\htdocs\restfulapi\app\Controllers\Login.php(25): CodeIgniter\Debug\Exceptions->errorHandler(8, 'Trying to acces...', 'E:\\xampp\\htdocs...', 25, Array)
#1 E:\xampp\htdocs\restfulapi\system\CodeIgniter.php(832): App\Controllers\Login->index()
#2 E:\xampp\htdocs\restfulapi\system\CodeIgniter.php(419): CodeIgniter\CodeIgniter->runController(Object(App\Controllers\Login))
#3 E:\xampp\htdocs\restfulapi\system\CodeIgniter.php(326): CodeIgniter\CodeIgniter->handleRequest(NULL, Object(Config\Cache), false)
#4 E:\xampp\htdocs\restfulapi\public\index.php(37): CodeIgniter\CodeIgniter->run()
#5 {main}
CRITICAL - 2022-06-04 04:36:03 --> syntax error, unexpected '}', expecting end of file
#0 E:\xampp\htdocs\restfulapi\system\Autoloader\Autoloader.php(241): CodeIgniter\Autoloader\Autoloader->includeFile('E:\\xampp\\htdocs...')
#1 E:\xampp\htdocs\restfulapi\system\Autoloader\Autoloader.php(219): CodeIgniter\Autoloader\Autoloader->loadInNamespace('App\\Controllers...')
#2 [internal function]: CodeIgniter\Autoloader\Autoloader->loadClass('App\\Controllers...')
#3 [internal function]: spl_autoload_call('App\\Controllers...')
#4 E:\xampp\htdocs\restfulapi\system\CodeIgniter.php(797): class_exists('\\App\\Controller...', true)
#5 E:\xampp\htdocs\restfulapi\system\CodeIgniter.php(406): CodeIgniter\CodeIgniter->startController()
#6 E:\xampp\htdocs\restfulapi\system\CodeIgniter.php(326): CodeIgniter\CodeIgniter->handleRequest(NULL, Object(Config\Cache), false)
#7 E:\xampp\htdocs\restfulapi\public\index.php(37): CodeIgniter\CodeIgniter->run()
#8 {main}
CRITICAL - 2022-06-04 04:45:54 --> Trying to access array offset on value of type null
#0 E:\xampp\htdocs\restfulapi\app\Controllers\Login.php(25): CodeIgniter\Debug\Exceptions->errorHandler(8, 'Trying to acces...', 'E:\\xampp\\htdocs...', 25, Array)
#1 E:\xampp\htdocs\restfulapi\system\CodeIgniter.php(832): App\Controllers\Login->index()
#2 E:\xampp\htdocs\restfulapi\system\CodeIgniter.php(419): CodeIgniter\CodeIgniter->runController(Object(App\Controllers\Login))
#3 E:\xampp\htdocs\restfulapi\system\CodeIgniter.php(326): CodeIgniter\CodeIgniter->handleRequest(NULL, Object(Config\Cache), false)
#4 E:\xampp\htdocs\restfulapi\public\index.php(37): CodeIgniter\CodeIgniter->run()
#5 {main}
CRITICAL - 2022-06-04 04:46:41 --> Trying to access array offset on value of type null
#0 E:\xampp\htdocs\restfulapi\app\Controllers\Login.php(24): CodeIgniter\Debug\Exceptions->errorHandler(8, 'Trying to acces...', 'E:\\xampp\\htdocs...', 24, Array)
#1 E:\xampp\htdocs\restfulapi\system\CodeIgniter.php(832): App\Controllers\Login->index()
#2 E:\xampp\htdocs\restfulapi\system\CodeIgniter.php(419): CodeIgniter\CodeIgniter->runController(Object(App\Controllers\Login))
#3 E:\xampp\htdocs\restfulapi\system\CodeIgniter.php(326): CodeIgniter\CodeIgniter->handleRequest(NULL, Object(Config\Cache), false)
#4 E:\xampp\htdocs\restfulapi\public\index.php(37): CodeIgniter\CodeIgniter->run()
#5 {main}
CRITICAL - 2022-06-04 08:59:56 --> Trying to access array offset on value of type null
#0 E:\xampp\htdocs\restfulapi\app\Controllers\Login.php(25): CodeIgniter\Debug\Exceptions->errorHandler(8, 'Trying to acces...', 'E:\\xampp\\htdocs...', 25, Array)
#1 E:\xampp\htdocs\restfulapi\system\CodeIgniter.php(832): App\Controllers\Login->index()
#2 E:\xampp\htdocs\restfulapi\system\CodeIgniter.php(419): CodeIgniter\CodeIgniter->runController(Object(App\Controllers\Login))
#3 E:\xampp\htdocs\restfulapi\system\CodeIgniter.php(326): CodeIgniter\CodeIgniter->handleRequest(NULL, Object(Config\Cache), false)
#4 E:\xampp\htdocs\restfulapi\public\index.php(37): CodeIgniter\CodeIgniter->run()
#5 {main}
CRITICAL - 2022-06-04 09:15:41 --> Trying to access array offset on value of type null
#0 E:\xampp\htdocs\restfulapi\app\Controllers\Login.php(29): CodeIgniter\Debug\Exceptions->errorHandler(8, 'Trying to acces...', 'E:\\xampp\\htdocs...', 29, Array)
#1 E:\xampp\htdocs\restfulapi\system\CodeIgniter.php(832): App\Controllers\Login->index()
#2 E:\xampp\htdocs\restfulapi\system\CodeIgniter.php(419): CodeIgniter\CodeIgniter->runController(Object(App\Controllers\Login))
#3 E:\xampp\htdocs\restfulapi\system\CodeIgniter.php(326): CodeIgniter\CodeIgniter->handleRequest(NULL, Object(Config\Cache), false)
#4 E:\xampp\htdocs\restfulapi\public\index.php(37): CodeIgniter\CodeIgniter->run()
#5 {main}
CRITICAL - 2022-06-04 09:17:22 --> unlink(E:\xampp\htdocs\restfulapi\writable\debugbar/debugbar_1654334598.json): No such file or directory
#0 [internal function]: CodeIgniter\Debug\Exceptions->errorHandler(2, 'unlink(E:\\xampp...', 'E:\\xampp\\htdocs...', 74, Array)
#1 E:\xampp\htdocs\restfulapi\system\Debug\Toolbar\Collectors\History.php(74): unlink('E:\\xampp\\htdocs...')
#2 E:\xampp\htdocs\restfulapi\system\Debug\Toolbar.php(487): CodeIgniter\Debug\Toolbar\Collectors\History->setFiles(1654352240, 20)
#3 E:\xampp\htdocs\restfulapi\system\Debug\Toolbar.php(464): CodeIgniter\Debug\Toolbar->format(Array, 'html')
#4 E:\xampp\htdocs\restfulapi\app\Config\Events.php(48): CodeIgniter\Debug\Toolbar->respond()
#5 E:\xampp\htdocs\restfulapi\system\Events\Events.php(149): CodeIgniter\Events\Events::Config\{closure}()
#6 E:\xampp\htdocs\restfulapi\system\CodeIgniter.php(308): CodeIgniter\Events\Events::trigger('pre_system')
#7 E:\xampp\htdocs\restfulapi\public\index.php(37): CodeIgniter\CodeIgniter->run()
#8 {main}
CRITICAL - 2022-06-04 09:32:56 --> Trying to access array offset on value of type null
#0 E:\xampp\htdocs\restfulapi\app\Controllers\Login.php(29): CodeIgniter\Debug\Exceptions->errorHandler(8, 'Trying to acces...', 'E:\\xampp\\htdocs...', 29, Array)
#1 E:\xampp\htdocs\restfulapi\system\CodeIgniter.php(832): App\Controllers\Login->index()
#2 E:\xampp\htdocs\restfulapi\system\CodeIgniter.php(419): CodeIgniter\CodeIgniter->runController(Object(App\Controllers\Login))
#3 E:\xampp\htdocs\restfulapi\system\CodeIgniter.php(326): CodeIgniter\CodeIgniter->handleRequest(NULL, Object(Config\Cache), false)
#4 E:\xampp\htdocs\restfulapi\public\index.php(37): CodeIgniter\CodeIgniter->run()
#5 {main}
CRITICAL - 2022-06-04 09:33:14 --> Trying to access array offset on value of type null
#0 E:\xampp\htdocs\restfulapi\app\Controllers\Login.php(29): CodeIgniter\Debug\Exceptions->errorHandler(8, 'Trying to acces...', 'E:\\xampp\\htdocs...', 29, Array)
#1 E:\xampp\htdocs\restfulapi\system\CodeIgniter.php(832): App\Controllers\Login->index()
#2 E:\xampp\htdocs\restfulapi\system\CodeIgniter.php(419): CodeIgniter\CodeIgniter->runController(Object(App\Controllers\Login))
#3 E:\xampp\htdocs\restfulapi\system\CodeIgniter.php(326): CodeIgniter\CodeIgniter->handleRequest(NULL, Object(Config\Cache), false)
#4 E:\xampp\htdocs\restfulapi\public\index.php(37): CodeIgniter\CodeIgniter->run()
#5 {main}
CRITICAL - 2022-06-04 09:36:50 --> Trying to access array offset on value of type null
#0 E:\xampp\htdocs\restfulapi\app\Controllers\Login.php(29): CodeIgniter\Debug\Exceptions->errorHandler(8, 'Trying to acces...', 'E:\\xampp\\htdocs...', 29, Array)
#1 E:\xampp\htdocs\restfulapi\system\CodeIgniter.php(832): App\Controllers\Login->index()
#2 E:\xampp\htdocs\restfulapi\system\CodeIgniter.php(419): CodeIgniter\CodeIgniter->runController(Object(App\Controllers\Login))
#3 E:\xampp\htdocs\restfulapi\system\CodeIgniter.php(326): CodeIgniter\CodeIgniter->handleRequest(NULL, Object(Config\Cache), false)
#4 E:\xampp\htdocs\restfulapi\public\index.php(37): CodeIgniter\CodeIgniter->run()
#5 {main}
CRITICAL - 2022-06-04 09:37:08 --> Trying to access array offset on value of type null
#0 E:\xampp\htdocs\restfulapi\app\Controllers\Login.php(29): CodeIgniter\Debug\Exceptions->errorHandler(8, 'Trying to acces...', 'E:\\xampp\\htdocs...', 29, Array)
#1 E:\xampp\htdocs\restfulapi\system\CodeIgniter.php(832): App\Controllers\Login->index()
#2 E:\xampp\htdocs\restfulapi\system\CodeIgniter.php(419): CodeIgniter\CodeIgniter->runController(Object(App\Controllers\Login))
#3 E:\xampp\htdocs\restfulapi\system\CodeIgniter.php(326): CodeIgniter\CodeIgniter->handleRequest(NULL, Object(Config\Cache), false)
#4 E:\xampp\htdocs\restfulapi\public\index.php(37): CodeIgniter\CodeIgniter->run()
#5 {main}
CRITICAL - 2022-06-04 09:40:10 --> Trying to access array offset on value of type null
#0 E:\xampp\htdocs\restfulapi\app\Controllers\Login.php(30): CodeIgniter\Debug\Exceptions->errorHandler(8, 'Trying to acces...', 'E:\\xampp\\htdocs...', 30, Array)
#1 E:\xampp\htdocs\restfulapi\system\CodeIgniter.php(832): App\Controllers\Login->index()
#2 E:\xampp\htdocs\restfulapi\system\CodeIgniter.php(419): CodeIgniter\CodeIgniter->runController(Object(App\Controllers\Login))
#3 E:\xampp\htdocs\restfulapi\system\CodeIgniter.php(326): CodeIgniter\CodeIgniter->handleRequest(NULL, Object(Config\Cache), false)
#4 E:\xampp\htdocs\restfulapi\public\index.php(37): CodeIgniter\CodeIgniter->run()
#5 {main}
CRITICAL - 2022-06-04 09:55:40 --> Trying to access array offset on value of type null
#0 E:\xampp\htdocs\restfulapi\app\Controllers\Login.php(29): CodeIgniter\Debug\Exceptions->errorHandler(8, 'Trying to acces...', 'E:\\xampp\\htdocs...', 29, Array)
#1 E:\xampp\htdocs\restfulapi\system\CodeIgniter.php(832): App\Controllers\Login->index()
#2 E:\xampp\htdocs\restfulapi\system\CodeIgniter.php(419): CodeIgniter\CodeIgniter->runController(Object(App\Controllers\Login))
#3 E:\xampp\htdocs\restfulapi\system\CodeIgniter.php(326): CodeIgniter\CodeIgniter->handleRequest(NULL, Object(Config\Cache), false)
#4 E:\xampp\htdocs\restfulapi\public\index.php(37): CodeIgniter\CodeIgniter->run()
#5 {main}
CRITICAL - 2022-06-04 17:31:12 --> Trying to access array offset on value of type null
#0 E:\xampp\htdocs\restfulapi\app\Controllers\Login.php(24): CodeIgniter\Debug\Exceptions->errorHandler(8, 'Trying to acces...', 'E:\\xampp\\htdocs...', 24, Array)
#1 E:\xampp\htdocs\restfulapi\system\CodeIgniter.php(832): App\Controllers\Login->index()
#2 E:\xampp\htdocs\restfulapi\system\CodeIgniter.php(419): CodeIgniter\CodeIgniter->runController(Object(App\Controllers\Login))
#3 E:\xampp\htdocs\restfulapi\system\CodeIgniter.php(326): CodeIgniter\CodeIgniter->handleRequest(NULL, Object(Config\Cache), false)
#4 E:\xampp\htdocs\restfulapi\public\index.php(37): CodeIgniter\CodeIgniter->run()
#5 {main}
CRITICAL - 2022-06-04 17:32:04 --> Undefined variable: err
#0 E:\xampp\htdocs\restfulapi\app\Controllers\Login.php(40): CodeIgniter\Debug\Exceptions->errorHandler(8, 'Undefined varia...', 'E:\\xampp\\htdocs...', 40, Array)
#1 E:\xampp\htdocs\restfulapi\system\CodeIgniter.php(832): App\Controllers\Login->index()
#2 E:\xampp\htdocs\restfulapi\system\CodeIgniter.php(419): CodeIgniter\CodeIgniter->runController(Object(App\Controllers\Login))
#3 E:\xampp\htdocs\restfulapi\system\CodeIgniter.php(326): CodeIgniter\CodeIgniter->handleRequest(NULL, Object(Config\Cache), false)
#4 E:\xampp\htdocs\restfulapi\public\index.php(37): CodeIgniter\CodeIgniter->run()
#5 {main}
CRITICAL - 2022-06-04 17:35:42 --> Undefined variable: err
#0 E:\xampp\htdocs\restfulapi\app\Controllers\Login.php(37): CodeIgniter\Debug\Exceptions->errorHandler(8, 'Undefined varia...', 'E:\\xampp\\htdocs...', 37, Array)
#1 E:\xampp\htdocs\restfulapi\system\CodeIgniter.php(832): App\Controllers\Login->index()
#2 E:\xampp\htdocs\restfulapi\system\CodeIgniter.php(419): CodeIgniter\CodeIgniter->runController(Object(App\Controllers\Login))
#3 E:\xampp\htdocs\restfulapi\system\CodeIgniter.php(326): CodeIgniter\CodeIgniter->handleRequest(NULL, Object(Config\Cache), false)
#4 E:\xampp\htdocs\restfulapi\public\index.php(37): CodeIgniter\CodeIgniter->run()
#5 {main}
CRITICAL - 2022-06-04 17:48:33 --> Trying to access array offset on value of type null
#0 E:\xampp\htdocs\restfulapi\app\Controllers\Login.php(24): CodeIgniter\Debug\Exceptions->errorHandler(8, 'Trying to acces...', 'E:\\xampp\\htdocs...', 24, Array)
#1 E:\xampp\htdocs\restfulapi\system\CodeIgniter.php(832): App\Controllers\Login->index()
#2 E:\xampp\htdocs\restfulapi\system\CodeIgniter.php(419): CodeIgniter\CodeIgniter->runController(Object(App\Controllers\Login))
#3 E:\xampp\htdocs\restfulapi\system\CodeIgniter.php(326): CodeIgniter\CodeIgniter->handleRequest(NULL, Object(Config\Cache), false)
#4 E:\xampp\htdocs\restfulapi\public\index.php(37): CodeIgniter\CodeIgniter->run()
#5 {main}
CRITICAL - 2022-06-04 17:49:42 --> Trying to access array offset on value of type null
#0 E:\xampp\htdocs\restfulapi\app\Controllers\Login.php(24): CodeIgniter\Debug\Exceptions->errorHandler(8, 'Trying to acces...', 'E:\\xampp\\htdocs...', 24, Array)
#1 E:\xampp\htdocs\restfulapi\system\CodeIgniter.php(832): App\Controllers\Login->index()
#2 E:\xampp\htdocs\restfulapi\system\CodeIgniter.php(419): CodeIgniter\CodeIgniter->runController(Object(App\Controllers\Login))
#3 E:\xampp\htdocs\restfulapi\system\CodeIgniter.php(326): CodeIgniter\CodeIgniter->handleRequest(NULL, Object(Config\Cache), false)
#4 E:\xampp\htdocs\restfulapi\public\index.php(37): CodeIgniter\CodeIgniter->run()
#5 {main}
CRITICAL - 2022-06-04 17:50:31 --> Trying to access array offset on value of type null
#0 E:\xampp\htdocs\restfulapi\app\Controllers\Login.php(25): CodeIgniter\Debug\Exceptions->errorHandler(8, 'Trying to acces...', 'E:\\xampp\\htdocs...', 25, Array)
#1 E:\xampp\htdocs\restfulapi\system\CodeIgniter.php(832): App\Controllers\Login->index()
#2 E:\xampp\htdocs\restfulapi\system\CodeIgniter.php(419): CodeIgniter\CodeIgniter->runController(Object(App\Controllers\Login))
#3 E:\xampp\htdocs\restfulapi\system\CodeIgniter.php(326): CodeIgniter\CodeIgniter->handleRequest(NULL, Object(Config\Cache), false)
#4 E:\xampp\htdocs\restfulapi\public\index.php(37): CodeIgniter\CodeIgniter->run()
#5 {main}
CRITICAL - 2022-06-04 18:00:55 --> Trying to access array offset on value of type null
#0 E:\xampp\htdocs\restfulapi\app\Controllers\Login.php(26): CodeIgniter\Debug\Exceptions->errorHandler(8, 'Trying to acces...', 'E:\\xampp\\htdocs...', 26, Array)
#1 E:\xampp\htdocs\restfulapi\system\CodeIgniter.php(832): App\Controllers\Login->index()
#2 E:\xampp\htdocs\restfulapi\system\CodeIgniter.php(419): CodeIgniter\CodeIgniter->runController(Object(App\Controllers\Login))
#3 E:\xampp\htdocs\restfulapi\system\CodeIgniter.php(326): CodeIgniter\CodeIgniter->handleRequest(NULL, Object(Config\Cache), false)
#4 E:\xampp\htdocs\restfulapi\public\index.php(37): CodeIgniter\CodeIgniter->run()
#5 {main}
